\BOOKMARK [1][-]{section.1}{\376\377\000I\000n\000t\000r\000o\000d\000u\000c\000t\000i\000o\000n}{}% 1
\BOOKMARK [2][-]{subsection.1.1}{\376\377\000T\000h\000e\000\040\000A\000l\000g\000o\000r\000i\000t\000h\000m\000i\000c\000\040\000P\000a\000r\000a\000d\000o\000x}{section.1}% 2
\BOOKMARK [2][-]{subsection.1.2}{\376\377\000T\000h\000e\000\040\000N\000a\000t\000u\000r\000a\000l\000\040\000O\000b\000s\000e\000r\000v\000a\000t\000i\000o\000n\000\040\000H\000y\000p\000o\000t\000h\000e\000s\000i\000s}{section.1}% 3
\BOOKMARK [2][-]{subsection.1.3}{\376\377\000T\000h\000e\000o\000r\000e\000t\000i\000c\000a\000l\000\040\000F\000o\000u\000n\000d\000a\000t\000i\000o\000n\000s\000:\000\040\000S\000y\000m\000b\000o\000l\000i\000c\000\040\000D\000N\000A\000\040\000a\000n\000d\000\040\000S\000e\000l\000f\000-\000C\000o\000m\000p\000u\000t\000i\000n\000g\000\040\000S\000y\000s\000t\000e\000m\000s}{section.1}% 4
\BOOKMARK [2][-]{subsection.1.4}{\376\377\000C\000o\000n\000t\000r\000i\000b\000u\000t\000i\000o\000n\000s}{section.1}% 5
\BOOKMARK [1][-]{section.2}{\376\377\000R\000e\000l\000a\000t\000e\000d\000\040\000W\000o\000r\000k}{}% 6
\BOOKMARK [2][-]{subsection.2.1}{\376\377\000C\000l\000a\000s\000s\000i\000c\000a\000l\000\040\000A\000p\000p\000r\000o\000a\000c\000h\000e\000s\000\040\000t\000o\000\040\000T\000S\000P}{section.2}% 7
\BOOKMARK [2][-]{subsection.2.2}{\376\377\000M\000e\000t\000a\000h\000e\000u\000r\000i\000s\000t\000i\000c\000s\000\040\000a\000n\000d\000\040\000L\000e\000a\000r\000n\000i\000n\000g\000\040\000A\000p\000p\000r\000o\000a\000c\000h\000e\000s}{section.2}% 8
\BOOKMARK [2][-]{subsection.2.3}{\376\377\000N\000a\000t\000u\000r\000a\000l\000\040\000C\000o\000m\000p\000u\000t\000a\000t\000i\000o\000n}{section.2}% 9
\BOOKMARK [2][-]{subsection.2.4}{\376\377\000C\000o\000m\000p\000l\000e\000x\000i\000t\000y\000\040\000T\000h\000e\000o\000r\000y}{section.2}% 10
\BOOKMARK [1][-]{section.3}{\376\377\000T\000h\000e\000o\000r\000e\000t\000i\000c\000a\000l\000\040\000F\000r\000a\000m\000e\000w\000o\000r\000k}{}% 11
\BOOKMARK [2][-]{subsection.3.1}{\376\377\000S\000y\000m\000b\000o\000l\000i\000c\000\040\000D\000N\000A\000:\000\040\000S\000t\000r\000u\000c\000t\000u\000r\000a\000l\000\040\000E\000n\000c\000o\000d\000i\000n\000g\000\040\000o\000f\000\040\000C\000o\000m\000p\000u\000t\000a\000t\000i\000o\000n}{section.3}% 12
\BOOKMARK [2][-]{subsection.3.2}{\376\377\000S\000e\000l\000f\000-\000C\000o\000m\000p\000u\000t\000i\000n\000g\000\040\000F\000u\000n\000c\000t\000o\000r\000i\000a\000l\000\040\000O\000b\000j\000e\000c\000t\000s}{section.3}% 13
\BOOKMARK [2][-]{subsection.3.3}{\376\377\000C\000a\000t\000e\000g\000o\000r\000y\000-\000T\000h\000e\000o\000r\000e\000t\000i\000c\000\040\000F\000o\000u\000n\000d\000a\000t\000i\000o\000n\000s}{section.3}% 14
\BOOKMARK [2][-]{subsection.3.4}{\376\377\000C\000o\000m\000p\000l\000e\000x\000i\000t\000y\000\040\000C\000l\000a\000s\000s\000\040\000O\000T\000\040\000\050\000O\000b\000s\000e\000r\000v\000a\000t\000i\000o\000n\000\040\000T\000i\000m\000e\000\051}{section.3}% 15
\BOOKMARK [2][-]{subsection.3.5}{\376\377\000P\000r\000e\000d\000i\000c\000t\000a\000b\000i\000l\000i\000t\000y\000\040\000H\000i\000e\000r\000a\000r\000c\000h\000y\000\040\000a\000n\000d\000\040\000P\000h\000a\000s\000e\000\040\000T\000r\000a\000n\000s\000i\000t\000i\000o\000n\000s}{section.3}% 16
\BOOKMARK [2][-]{subsection.3.6}{\376\377\000C\000o\000m\000p\000u\000t\000a\000t\000i\000o\000n\000a\000l\000\040\000D\000e\000p\000t\000h\000:\000\040\000U\000n\000i\000f\000i\000e\000d\000\040\000F\000r\000a\000m\000e\000w\000o\000r\000k}{section.3}% 17
\BOOKMARK [3][-]{subsubsection.3.6.1}{\376\377\000D\000e\000p\000t\000h\000\040\000a\000n\000d\000\040\000C\000o\000m\000p\000l\000e\000x\000i\000t\000y}{subsection.3.6}% 18
\BOOKMARK [3][-]{subsubsection.3.6.2}{\376\377\000E\000m\000p\000i\000r\000i\000c\000a\000l\000\040\000D\000e\000p\000t\000h\000\040\000E\000s\000t\000i\000m\000a\000t\000e\000s}{subsection.3.6}% 19
\BOOKMARK [3][-]{subsubsection.3.6.3}{\376\377\000D\000e\000p\000t\000h\000-\000B\000a\000s\000e\000d\000\040\000S\000t\000r\000a\000t\000e\000g\000y\000\040\000S\000e\000l\000e\000c\000t\000i\000o\000n}{subsection.3.6}% 20
\BOOKMARK [3][-]{subsubsection.3.6.4}{\376\377\000F\000i\000v\000e\000-\000D\000i\000m\000e\000n\000s\000i\000o\000n\000a\000l\000\040\000S\000t\000r\000u\000c\000t\000u\000r\000e\000\040\000a\000n\000d\000\040\000T\000r\000a\000c\000t\000a\000b\000i\000l\000i\000t\000y\000\040\000L\000i\000m\000i\000t}{subsection.3.6}% 21
\BOOKMARK [1][-]{section.4}{\376\377\000F\000i\000n\000a\000n\000c\000i\000a\000l\000\040\000M\000a\000r\000k\000e\000t\000s\000\040\000a\000s\000\040\000S\000e\000l\000f\000-\000C\000o\000m\000p\000u\000t\000i\000n\000g\000\040\000S\000y\000s\000t\000e\000m\000s\000:\000\040\000C\000o\000m\000p\000l\000e\000t\000e\000\040\000T\000h\000e\000o\000r\000y}{}% 22
\BOOKMARK [2][-]{subsection.4.1}{\376\377\000M\000a\000r\000k\000e\000t\000s\000\040\000a\000s\000\040\000S\000y\000m\000b\000o\000l\000i\000c\000\040\000S\000e\000q\000u\000e\000n\000c\000e\000s}{section.4}% 23
\BOOKMARK [3][-]{subsubsection.4.1.1}{\376\377\000F\000r\000o\000m\000\040\000E\000m\000p\000i\000r\000i\000c\000a\000l\000\040\000D\000a\000t\000a\000\040\000t\000o\000\040\000S\000y\000m\000b\000o\000l\000i\000c\000\040\000D\000N\000A}{subsection.4.1}% 24
\BOOKMARK [3][-]{subsubsection.4.1.2}{\376\377\000M\000e\000t\000a\000-\000L\000e\000v\000e\000l\000s\000\040\000o\000f\000\040\000S\000e\000l\000f\000-\000C\000o\000m\000p\000u\000t\000i\000n\000g\000\040\000i\000n\000\040\000M\000a\000r\000k\000e\000t\000s}{subsection.4.1}% 25
\BOOKMARK [2][-]{subsection.4.2}{\376\377\000P\000r\000e\000d\000i\000c\000t\000a\000b\000i\000l\000i\000t\000y\000\040\000L\000i\000m\000i\000t\000s\000\040\000i\000n\000\040\000M\000a\000r\000k\000e\000t\000s}{section.4}% 26
\BOOKMARK [2][-]{subsection.4.3}{\376\377\000D\000e\000p\000t\000h\000\040\000M\000e\000t\000r\000i\000c\000\040\000f\000o\000r\000\040\000M\000a\000r\000k\000e\000t\000s}{section.4}% 27
\BOOKMARK [2][-]{subsection.4.4}{\376\377\000C\000o\000m\000p\000u\000t\000a\000t\000i\000o\000n\000a\000l\000\040\000M\000o\000d\000e\000l\000s\000\040\000f\000o\000r\000\040\000M\000a\000r\000k\000e\000t\000s}{section.4}% 28
\BOOKMARK [2][-]{subsection.4.5}{\376\377\000P\000r\000a\000c\000t\000i\000c\000a\000l\000\040\000I\000m\000p\000l\000i\000c\000a\000t\000i\000o\000n\000s}{section.4}% 29
\BOOKMARK [3][-]{subsubsection.4.5.1}{\376\377\000M\000a\000r\000k\000e\000t\000s\000\040\000A\000r\000e\000\040\000S\000t\000r\000u\000c\000t\000u\000r\000a\000l\000l\000y\000\040\000I\000n\000c\000o\000m\000p\000l\000e\000t\000e\000,\000\040\000N\000o\000t\000\040\000S\000t\000o\000c\000h\000a\000s\000t\000i\000c}{subsection.4.5}% 30
\BOOKMARK [3][-]{subsubsection.4.5.2}{\376\377\000C\000o\000m\000p\000u\000t\000a\000t\000i\000o\000n\000a\000l\000\040\000S\000t\000r\000a\000t\000e\000g\000y}{subsection.4.5}% 31
\BOOKMARK [3][-]{subsubsection.4.5.3}{\376\377\000E\000m\000p\000i\000r\000i\000c\000a\000l\000\040\000P\000r\000e\000d\000i\000c\000t\000a\000b\000i\000l\000i\000t\000y\000\040\000S\000c\000a\000l\000e}{subsection.4.5}% 32
\BOOKMARK [2][-]{subsection.4.6}{\376\377\000M\000a\000t\000h\000e\000m\000a\000t\000i\000c\000a\000l\000\040\000F\000o\000r\000m\000a\000l\000i\000z\000a\000t\000i\000o\000n\000\040\000o\000f\000\040\000M\000a\000r\000k\000e\000t\000\040\000T\000r\000a\000n\000s\000l\000a\000t\000o\000r}{section.4}% 33
\BOOKMARK [3][-]{subsubsection.4.6.1}{\376\377\000T\000r\000a\000n\000s\000l\000a\000t\000o\000r\000\040\000T\000:\000\040\000O\000H\000L\000C\000V\000\040\000*}{subsection.4.6}% 34
\BOOKMARK [2][-]{subsection.4.7}{\376\377\000C\000a\000t\000e\000g\000o\000r\000i\000e\000s\000\040\000C\000n\000\040\000C\000o\000n\000s\000t\000r\000u\000c\000t\000i\000o\000n}{section.4}% 35
\BOOKMARK [3][-]{subsubsection.4.7.1}{\376\377\000M\000a\000t\000h\000e\000m\000a\000t\000i\000c\000a\000l\000\040\000F\000r\000a\000m\000e\000w\000o\000r\000k}{subsection.4.7}% 36
\BOOKMARK [3][-]{subsubsection.4.7.2}{\376\377\000B\000u\000i\000l\000d\000i\000n\000g\000\040\000O\000b\000j\000e\000c\000t\000s\000\040\000a\000n\000d\000\040\000M\000o\000r\000p\000h\000i\000s\000m\000s}{subsection.4.7}% 37
\BOOKMARK [3][-]{subsubsection.4.7.3}{\376\377\000F\000u\000n\000c\000t\000o\000r\000i\000a\000l\000\040\000P\000r\000o\000p\000e\000r\000t\000i\000e\000s}{subsection.4.7}% 38
\BOOKMARK [3][-]{subsubsection.4.7.4}{\376\377\000S\000e\000l\000f\000-\000C\000o\000m\000p\000u\000t\000i\000n\000g\000\040\000D\000e\000p\000t\000h\000\040\000i\000n\000\040\000C\000o\000n\000t\000e\000x\000t\000\040\000o\000f\000\040\000C\000n}{subsection.4.7}% 39
\BOOKMARK [2][-]{subsection.4.8}{\376\377\000S\000t\000r\000u\000c\000t\000u\000r\000a\000l\000\040\000E\000q\000u\000i\000v\000a\000l\000e\000n\000c\000e}{section.4}% 40
\BOOKMARK [3][-]{subsubsection.4.8.1}{\376\377\000S\000y\000m\000b\000o\000l\000i\000c\000\040\000E\000q\000u\000i\000v\000a\000l\000e\000n\000c\000e\000\040\000\050\000I\000n\000t\000e\000r\000n\000a\000l\000\040\000I\000s\000o\000m\000o\000r\000p\000h\000i\000s\000m\000\051}{subsection.4.8}% 41
\BOOKMARK [3][-]{subsubsection.4.8.2}{\376\377\000F\000a\000c\000t\000o\000r\000-\000C\000a\000t\000e\000g\000o\000r\000y\000\040\000C\000n\000/}{subsection.4.8}% 42
\BOOKMARK [3][-]{subsubsection.4.8.3}{\376\377\000M\000o\000r\000p\000h\000i\000s\000m\000\040\000C\000o\000m\000p\000o\000s\000i\000t\000i\000o\000n}{subsection.4.8}% 43
\BOOKMARK [2][-]{subsection.4.9}{\376\377\000G\000e\000n\000e\000r\000a\000l\000\040\000C\000o\000n\000c\000l\000u\000s\000i\000o\000n\000\040\000o\000n\000\040\000M\000a\000r\000k\000e\000t\000s}{section.4}% 44
\BOOKMARK [2][-]{subsection.4.10}{\376\377\000S\000y\000m\000b\000o\000l\000i\000c\000\040\000P\000h\000a\000s\000e\000\040\000D\000i\000a\000g\000r\000a\000m\000\040\000o\000f\000\040\000M\000a\000r\000k\000e\000t\000s}{section.4}% 45
\BOOKMARK [1][-]{section.5}{\376\377\000N\000a\000t\000u\000r\000a\000l\000\040\000O\000b\000s\000e\000r\000v\000a\000t\000i\000o\000n\000-\000B\000a\000s\000e\000d\000\040\000C\000o\000m\000p\000u\000t\000i\000n\000g\000:\000\040\000A\000l\000g\000o\000r\000i\000t\000h\000m\000\040\000a\000n\000d\000\040\000I\000m\000p\000l\000e\000m\000e\000n\000t\000a\000t\000i\000o\000n}{}% 46
\BOOKMARK [2][-]{subsection.5.1}{\376\377\000C\000o\000r\000e\000\040\000P\000r\000i\000n\000c\000i\000p\000l\000e\000s}{section.5}% 47
\BOOKMARK [2][-]{subsection.5.2}{\376\377\000A\000l\000g\000o\000r\000i\000t\000h\000m\000:\000\040\000N\000a\000t\000u\000r\000a\000l\000\040\000T\000S\000P\000\040\000S\000o\000l\000v\000e\000r}{section.5}% 48
\BOOKMARK [2][-]{subsection.5.3}{\376\377\000K\000e\000y\000\040\000A\000l\000g\000o\000r\000i\000t\000h\000m\000i\000c\000\040\000I\000n\000n\000o\000v\000a\000t\000i\000o\000n\000s}{section.5}% 49
\BOOKMARK [2][-]{subsection.5.4}{\376\377\000C\000a\000t\000e\000g\000o\000r\000y\000-\000T\000h\000e\000o\000r\000e\000t\000i\000c\000\040\000I\000m\000p\000l\000e\000m\000e\000n\000t\000a\000t\000i\000o\000n\000:\000\040\000C\000o\000m\000p\000l\000e\000t\000e\000\040\000D\000e\000s\000c\000r\000i\000p\000t\000i\000o\000n}{section.5}% 50
\BOOKMARK [3][-]{subsubsection.5.4.1}{\376\377\000C\000a\000t\000e\000g\000o\000r\000i\000e\000s\000\040\000C\000n\000\040\000o\000f\000\040\000S\000y\000m\000b\000o\000l\000i\000c\000\040\000P\000a\000t\000t\000e\000r\000n\000s}{subsection.5.4}% 51
\BOOKMARK [3][-]{subsubsection.5.4.2}{\376\377\000F\000u\000n\000c\000t\000o\000r\000s\000:\000\040\000C\000o\000n\000t\000e\000x\000t\000\040\000E\000x\000t\000e\000n\000s\000i\000o\000n\000\040\000a\000n\000d\000\040\000C\000o\000m\000p\000r\000e\000s\000s\000i\000o\000n}{subsection.5.4}% 52
\BOOKMARK [3][-]{subsubsection.5.4.3}{\376\377\000S\000e\000l\000f\000-\000C\000o\000m\000p\000u\000t\000i\000n\000g\000\040\000F\000u\000n\000c\000t\000o\000r\000\040\000C\000o\000n\000s\000t\000r\000u\000c\000t\000i\000o\000n}{subsection.5.4}% 53
\BOOKMARK [3][-]{subsubsection.5.4.4}{\376\377\000M\000o\000r\000p\000h\000i\000s\000m\000\040\000C\000o\000m\000p\000o\000s\000i\000t\000i\000o\000n\000\040\000f\000o\000r\000\040\000S\000o\000l\000u\000t\000i\000o\000n\000\040\000C\000o\000n\000s\000t\000r\000u\000c\000t\000i\000o\000n}{subsection.5.4}% 54
\BOOKMARK [3][-]{subsubsection.5.4.5}{\376\377\000R\000e\000l\000a\000t\000i\000o\000n\000\040\000B\000e\000t\000w\000e\000e\000n\000\040\000S\000t\000r\000a\000t\000e\000g\000i\000e\000s\000\040\000a\000n\000d\000\040\000F\000u\000n\000c\000t\000o\000r\000s}{subsection.5.4}% 55
\BOOKMARK [3][-]{subsubsection.5.4.6}{\376\377\000Y\000o\000n\000e\000d\000a\000\040\000E\000m\000b\000e\000d\000d\000i\000n\000g\000\040\000a\000n\000d\000\040\000C\000o\000m\000p\000u\000t\000a\000t\000i\000o\000n}{subsection.5.4}% 56
\BOOKMARK [2][-]{subsection.5.5}{\376\377\000C\000o\000m\000p\000u\000t\000a\000t\000i\000o\000n\000a\000l\000\040\000C\000o\000m\000p\000l\000e\000x\000i\000t\000y\000:\000\040\000V\000e\000r\000i\000f\000i\000e\000d\000\040\000A\000n\000a\000l\000y\000s\000i\000s}{section.5}% 57
\BOOKMARK [3][-]{subsubsection.5.5.1}{\376\377\000T\000i\000m\000e\000\040\000C\000o\000m\000p\000l\000e\000x\000i\000t\000y}{subsection.5.5}% 58
\BOOKMARK [3][-]{subsubsection.5.5.2}{\376\377\000P\000e\000r\000-\000S\000t\000r\000a\000t\000e\000g\000y\000\040\000C\000o\000m\000p\000l\000e\000x\000i\000t\000y}{subsection.5.5}% 59
\BOOKMARK [3][-]{subsubsection.5.5.3}{\376\377\000S\000p\000a\000c\000e\000\040\000C\000o\000m\000p\000l\000e\000x\000i\000t\000y}{subsection.5.5}% 60
\BOOKMARK [3][-]{subsubsection.5.5.4}{\376\377\000O\000b\000s\000e\000r\000v\000a\000t\000i\000o\000n\000\040\000C\000o\000m\000p\000l\000e\000x\000i\000t\000y}{subsection.5.5}% 61
\BOOKMARK [3][-]{subsubsection.5.5.5}{\376\377\000C\000o\000m\000p\000a\000r\000i\000s\000o\000n\000\040\000w\000i\000t\000h\000\040\000C\000l\000a\000s\000s\000i\000c\000a\000l\000\040\000M\000e\000t\000h\000o\000d\000s}{subsection.5.5}% 62
\BOOKMARK [2][-]{subsection.5.6}{\376\377\000S\000t\000r\000a\000t\000e\000g\000y\000\040\000V\000a\000r\000i\000a\000n\000t\000s}{section.5}% 63
\BOOKMARK [1][-]{section.6}{\376\377\000E\000x\000p\000e\000r\000i\000m\000e\000n\000t\000a\000l\000\040\000V\000a\000l\000i\000d\000a\000t\000i\000o\000n}{}% 64
\BOOKMARK [2][-]{subsection.6.1}{\376\377\000E\000x\000p\000e\000r\000i\000m\000e\000n\000t\000a\000l\000\040\000D\000e\000s\000i\000g\000n}{section.6}% 65
\BOOKMARK [2][-]{subsection.6.2}{\376\377\000D\000a\000t\000a\000\040\000S\000o\000u\000r\000c\000e\000\040\000a\000n\000d\000\040\000T\000h\000e\000o\000r\000e\000t\000i\000c\000a\000l\000\040\000J\000u\000s\000t\000i\000f\000i\000c\000a\000t\000i\000o\000n}{section.6}% 66
\BOOKMARK [3][-]{subsubsection.6.2.1}{\376\377\000B\000i\000t\000c\000o\000i\000n\000\040\000M\000a\000r\000k\000e\000t\000\040\000D\000a\000t\000a\000\040\000S\000p\000e\000c\000i\000f\000i\000c\000a\000t\000i\000o\000n}{subsection.6.2}% 67
\BOOKMARK [3][-]{subsubsection.6.2.2}{\376\377\000W\000h\000y\000\040\000A\000r\000b\000i\000t\000r\000a\000r\000y\000\040\000M\000a\000r\000k\000e\000t\000\040\000D\000a\000t\000a\000\040\000W\000o\000r\000k\000s}{subsection.6.2}% 68
\BOOKMARK [2][-]{subsection.6.3}{\376\377\000V\000i\000s\000u\000a\000l\000\040\000R\000e\000s\000u\000l\000t\000s\000\040\000O\000v\000e\000r\000v\000i\000e\000w}{section.6}% 69
\BOOKMARK [2][-]{subsection.6.4}{\376\377\000O\000v\000e\000r\000a\000l\000l\000\040\000R\000e\000s\000u\000l\000t\000s}{section.6}% 70
\BOOKMARK [2][-]{subsection.6.5}{\376\377\000V\000i\000c\000t\000o\000r\000y\000\040\000C\000a\000s\000e\000s\000:\000\040\000P\000a\000t\000h\000o\000l\000o\000g\000i\000c\000a\000l\000\040\000G\000r\000a\000p\000h\000s}{section.6}% 71
\BOOKMARK [2][-]{subsection.6.6}{\376\377\000S\000t\000a\000t\000i\000s\000t\000i\000c\000a\000l\000\040\000S\000i\000g\000n\000i\000f\000i\000c\000a\000n\000c\000e}{section.6}% 72
\BOOKMARK [2][-]{subsection.6.7}{\376\377\000S\000c\000a\000l\000i\000n\000g\000\040\000A\000n\000a\000l\000y\000s\000i\000s}{section.6}% 73
\BOOKMARK [2][-]{subsection.6.8}{\376\377\000T\000o\000p\000o\000l\000o\000g\000i\000c\000a\000l\000\040\000A\000n\000a\000l\000y\000s\000i\000s\000:\000\040\000C\000o\000m\000p\000u\000t\000a\000t\000i\000o\000n\000a\000l\000\040\000D\000e\000p\000t\000h\000\040\000V\000a\000l\000i\000d\000a\000t\000i\000o\000n}{section.6}% 74
\BOOKMARK [3][-]{subsubsection.6.8.1}{\376\377\000M\000e\000t\000h\000o\000d\000o\000l\000o\000g\000y}{subsection.6.8}% 75
\BOOKMARK [3][-]{subsubsection.6.8.2}{\376\377\000R\000e\000s\000u\000l\000t\000s}{subsection.6.8}% 76
\BOOKMARK [3][-]{subsubsection.6.8.3}{\376\377\000I\000n\000t\000e\000r\000p\000r\000e\000t\000a\000t\000i\000o\000n}{subsection.6.8}% 77
\BOOKMARK [3][-]{subsubsection.6.8.4}{\376\377\000A\000d\000v\000a\000n\000c\000e\000d\000\040\000A\000n\000a\000l\000y\000s\000i\000s\000:\000\040\000E\000v\000i\000d\000e\000n\000c\000e\000\040\000f\000o\000r\000\040\000F\000i\000v\000e\000-\000D\000i\000m\000e\000n\000s\000i\000o\000n\000a\000l\000\040\000S\000t\000r\000u\000c\000t\000u\000r\000e}{subsection.6.8}% 78
\BOOKMARK [3][-]{subsubsection.6.8.5}{\376\377\000E\000x\000t\000e\000n\000d\000e\000d\000\040\000A\000n\000a\000l\000y\000s\000i\000s\000:\000\040\000D\000i\000m\000e\000n\000s\000i\000o\000n\000a\000l\000\040\000C\000o\000l\000l\000a\000p\000s\000e\000\040\000B\000e\000y\000o\000n\000d\000\040\000d\000=\0005}{subsection.6.8}% 79
\BOOKMARK [2][-]{subsection.6.9}{\376\377\000V\000i\000s\000u\000a\000l\000\040\000R\000e\000s\000u\000l\000t\000s\000\040\000O\000v\000e\000r\000v\000i\000e\000w}{section.6}% 80
\BOOKMARK [1][-]{section.7}{\376\377\000T\000h\000e\000o\000r\000e\000t\000i\000c\000a\000l\000\040\000I\000m\000p\000l\000i\000c\000a\000t\000i\000o\000n\000s}{}% 81
\BOOKMARK [2][-]{subsection.7.1}{\376\377\000C\000a\000n\000\040\000W\000e\000\040\000S\000o\000l\000v\000e\000\040\000P\000r\000o\000b\000l\000e\000m\000s\000\040\000W\000i\000t\000h\000o\000u\000t\000\040\000K\000n\000o\000w\000i\000n\000g\000\040\000A\000l\000g\000o\000r\000i\000t\000h\000m\000s\000?}{section.7}% 82
\BOOKMARK [2][-]{subsection.7.2}{\376\377\000C\000a\000n\000\040\000W\000e\000\040\000C\000o\000m\000p\000u\000t\000e\000\040\000N\000o\000n\000-\000C\000o\000m\000p\000u\000t\000a\000b\000l\000e\000\040\000F\000u\000n\000c\000t\000i\000o\000n\000s\000?}{section.7}% 83
\BOOKMARK [2][-]{subsection.7.3}{\376\377\000C\000o\000m\000p\000l\000e\000x\000i\000t\000y\000\040\000C\000l\000a\000s\000s\000\040\000O\000T\000\040\000\050\000O\000b\000s\000e\000r\000v\000a\000t\000i\000o\000n\000\040\000T\000i\000m\000e\000\051}{section.7}% 84
\BOOKMARK [2][-]{subsection.7.4}{\376\377\000P\000r\000e\000d\000i\000c\000t\000a\000b\000i\000l\000i\000t\000y\000\040\000a\000n\000d\000\040\000S\000e\000l\000f\000-\000C\000o\000m\000p\000u\000t\000i\000n\000g\000\040\000D\000e\000p\000t\000h}{section.7}% 85
\BOOKMARK [1][-]{section.8}{\376\377\000D\000i\000s\000c\000u\000s\000s\000i\000o\000n}{}% 86
\BOOKMARK [2][-]{subsection.8.1}{\376\377\000W\000h\000y\000\040\000D\000o\000e\000s\000\040\000N\000a\000t\000u\000r\000a\000l\000\040\000O\000b\000s\000e\000r\000v\000a\000t\000i\000o\000n\000\040\000W\000o\000r\000k\000?}{section.8}% 87
\BOOKMARK [2][-]{subsection.8.2}{\376\377\000A\000d\000v\000a\000n\000t\000a\000g\000e\000s\000\040\000O\000v\000e\000r\000\040\000T\000r\000a\000d\000i\000t\000i\000o\000n\000a\000l\000\040\000A\000p\000p\000r\000o\000a\000c\000h\000e\000s}{section.8}% 88
\BOOKMARK [2][-]{subsection.8.3}{\376\377\000L\000i\000m\000i\000t\000a\000t\000i\000o\000n\000s\000\040\000a\000n\000d\000\040\000F\000a\000i\000l\000u\000r\000e\000\040\000M\000o\000d\000e\000s}{section.8}% 89
\BOOKMARK [2][-]{subsection.8.4}{\376\377\000P\000r\000a\000c\000t\000i\000c\000a\000l\000\040\000C\000o\000n\000s\000i\000d\000e\000r\000a\000t\000i\000o\000n\000s}{section.8}% 90
\BOOKMARK [1][-]{section.9}{\376\377\000F\000u\000t\000u\000r\000e\000\040\000W\000o\000r\000k}{}% 91
\BOOKMARK [2][-]{subsection.9.1}{\376\377\000T\000h\000e\000o\000r\000e\000t\000i\000c\000a\000l\000\040\000E\000x\000t\000e\000n\000s\000i\000o\000n\000s}{section.9}% 92
\BOOKMARK [2][-]{subsection.9.2}{\376\377\000A\000l\000g\000o\000r\000i\000t\000h\000m\000i\000c\000\040\000I\000m\000p\000r\000o\000v\000e\000m\000e\000n\000t\000s}{section.9}% 93
\BOOKMARK [2][-]{subsection.9.3}{\376\377\000A\000p\000p\000l\000i\000c\000a\000t\000i\000o\000n\000\040\000D\000o\000m\000a\000i\000n\000s}{section.9}% 94
\BOOKMARK [2][-]{subsection.9.4}{\376\377\000B\000i\000o\000l\000o\000g\000i\000c\000a\000l\000\040\000V\000a\000l\000i\000d\000a\000t\000i\000o\000n}{section.9}% 95
\BOOKMARK [2][-]{subsection.9.5}{\376\377\000C\000o\000m\000p\000l\000e\000x\000i\000t\000y\000\040\000T\000h\000e\000o\000r\000y\000\040\000R\000e\000s\000e\000a\000r\000c\000h}{section.9}% 96
\BOOKMARK [1][-]{section.10}{\376\377\000C\000o\000n\000c\000l\000u\000s\000i\000o\000n}{}% 97
\BOOKMARK [2][-]{subsection.10.1}{\376\377\000T\000h\000e\000o\000r\000e\000t\000i\000c\000a\000l\000\040\000C\000o\000n\000t\000r\000i\000b\000u\000t\000i\000o\000n\000s}{section.10}% 98
\BOOKMARK [2][-]{subsection.10.2}{\376\377\000E\000m\000p\000i\000r\000i\000c\000a\000l\000\040\000C\000o\000n\000t\000r\000i\000b\000u\000t\000i\000o\000n\000s}{section.10}% 99
\BOOKMARK [2][-]{subsection.10.3}{\376\377\000K\000e\000y\000\040\000I\000n\000s\000i\000g\000h\000t\000s}{section.10}% 100
\BOOKMARK [2][-]{subsection.10.4}{\376\377\000P\000r\000a\000c\000t\000i\000c\000a\000l\000\040\000I\000m\000p\000a\000c\000t}{section.10}% 101
\BOOKMARK [2][-]{subsection.10.5}{\376\377\000F\000i\000n\000a\000l\000\040\000T\000h\000o\000u\000g\000h\000t\000s}{section.10}% 102
\BOOKMARK [1][-]{appendix.A}{\376\377\000M\000a\000t\000h\000e\000m\000a\000t\000i\000c\000a\000l\000\040\000N\000o\000t\000a\000t\000i\000o\000n}{}% 103
\BOOKMARK [2][-]{subsection.A.1}{\376\377\000S\000y\000m\000b\000o\000l\000i\000c\000\040\000A\000l\000g\000e\000b\000r\000a}{appendix.A}% 104
\BOOKMARK [2][-]{subsection.A.2}{\376\377\000C\000a\000t\000e\000g\000o\000r\000y\000\040\000T\000h\000e\000o\000r\000y}{appendix.A}% 105
\BOOKMARK [2][-]{subsection.A.3}{\376\377\000C\000o\000m\000p\000l\000e\000x\000i\000t\000y\000\040\000T\000h\000e\000o\000r\000y}{appendix.A}% 106
\BOOKMARK [2][-]{subsection.A.4}{\376\377\000P\000r\000o\000b\000a\000b\000i\000l\000i\000t\000y\000\040\000a\000n\000d\000\040\000S\000t\000a\000t\000i\000s\000t\000i\000c\000s}{appendix.A}% 107
\BOOKMARK [2][-]{subsection.A.5}{\376\377\000T\000S\000P\000-\000S\000p\000e\000c\000i\000f\000i\000c}{appendix.A}% 108
\BOOKMARK [1][-]{appendix.B}{\376\377\000I\000m\000p\000l\000e\000m\000e\000n\000t\000a\000t\000i\000o\000n\000\040\000D\000e\000t\000a\000i\000l\000s}{}% 109
\BOOKMARK [2][-]{subsection.B.1}{\376\377\000C\000o\000d\000e\000\040\000R\000e\000p\000o\000s\000i\000t\000o\000r\000y}{appendix.B}% 110
\BOOKMARK [2][-]{subsection.B.2}{\376\377\000K\000e\000y\000\040\000F\000i\000l\000e\000s}{appendix.B}% 111
\BOOKMARK [2][-]{subsection.B.3}{\376\377\000D\000e\000p\000e\000n\000d\000e\000n\000c\000i\000e\000s}{appendix.B}% 112
\BOOKMARK [2][-]{subsection.B.4}{\376\377\000I\000n\000s\000t\000a\000l\000l\000a\000t\000i\000o\000n}{appendix.B}% 113
\BOOKMARK [2][-]{subsection.B.5}{\376\377\000R\000u\000n\000n\000i\000n\000g\000\040\000E\000x\000p\000e\000r\000i\000m\000e\000n\000t\000s}{appendix.B}% 114
\BOOKMARK [2][-]{subsection.B.6}{\376\377\000A\000P\000I\000\040\000U\000s\000a\000g\000e}{appendix.B}% 115
\BOOKMARK [2][-]{subsection.B.7}{\376\377\000R\000e\000p\000r\000o\000d\000u\000c\000i\000b\000i\000l\000i\000t\000y}{appendix.B}% 116
\BOOKMARK [2][-]{subsection.B.8}{\376\377\000H\000a\000r\000d\000w\000a\000r\000e\000\040\000R\000e\000q\000u\000i\000r\000e\000m\000e\000n\000t\000s}{appendix.B}% 117
\BOOKMARK [1][-]{appendix.C}{\376\377\000S\000u\000p\000p\000l\000e\000m\000e\000n\000t\000a\000r\000y\000\040\000R\000e\000s\000u\000l\000t\000s}{}% 118
\BOOKMARK [2][-]{subsection.C.1}{\376\377\000A\000d\000d\000i\000t\000i\000o\000n\000a\000l\000\040\000M\000e\000t\000r\000i\000c\000s}{appendix.C}% 119
\BOOKMARK [2][-]{subsection.C.2}{\376\377\000S\000e\000n\000s\000i\000t\000i\000v\000i\000t\000y\000\040\000A\000n\000a\000l\000y\000s\000i\000s}{appendix.C}% 120
\BOOKMARK [2][-]{subsection.C.3}{\376\377\000G\000r\000a\000p\000h\000\040\000T\000y\000p\000e\000\040\000A\000n\000a\000l\000y\000s\000i\000s}{appendix.C}% 121
\BOOKMARK [2][-]{subsection.C.4}{\376\377\000S\000i\000z\000e\000-\000S\000p\000e\000c\000i\000f\000i\000c\000\040\000R\000e\000s\000u\000l\000t\000s}{appendix.C}% 122
\BOOKMARK [2][-]{subsection.C.5}{\376\377\000F\000a\000i\000l\000u\000r\000e\000\040\000C\000a\000s\000e\000\040\000A\000n\000a\000l\000y\000s\000i\000s}{appendix.C}% 123
\BOOKMARK [2][-]{subsection.C.6}{\376\377\000C\000o\000m\000p\000l\000e\000t\000e\000\040\000S\000t\000a\000t\000i\000s\000t\000i\000c\000a\000l\000\040\000T\000a\000b\000l\000e\000s}{appendix.C}% 124
\BOOKMARK [1][-]{appendix.D}{\376\377\000T\000h\000e\000o\000r\000e\000t\000i\000c\000a\000l\000\040\000P\000r\000o\000o\000f\000s}{}% 125
\BOOKMARK [2][-]{subsection.D.1}{\376\377\000P\000r\000o\000o\000f\000\040\000o\000f\000\040\000T\000h\000e\000o\000r\000e\000m\000\040\0003\000.\0006\000\040\000\050\000C\000o\000n\000v\000e\000r\000g\000e\000n\000c\000e\000\051}{appendix.D}% 126
\BOOKMARK [2][-]{subsection.D.2}{\376\377\000P\000r\000o\000o\000f\000\040\000o\000f\000\040\000P\000r\000o\000p\000o\000s\000i\000t\000i\000o\000n\000\040\0003\000.\0001\000\040\000\050\000D\000e\000p\000t\000h\000-\000C\000o\000m\000p\000l\000e\000x\000i\000t\000y\000\040\000C\000o\000n\000n\000e\000c\000t\000i\000o\000n\000\051}{appendix.D}% 127
\BOOKMARK [2][-]{subsection.D.3}{\376\377\000S\000a\000m\000p\000l\000e\000\040\000C\000o\000m\000p\000l\000e\000x\000i\000t\000y\000\040\000L\000o\000w\000e\000r\000\040\000B\000o\000u\000n\000d}{appendix.D}% 128
\BOOKMARK [2][-]{subsection.D.4}{\376\377\000R\000e\000m\000a\000r\000k\000s\000\040\000o\000n\000\040\000T\000i\000g\000h\000t\000n\000e\000s\000s}{appendix.D}% 129
